app/build/outputs/logs/manifest-merger-debug-report.txt
-- Merging decision tree log ---
manifest
ADDED from src\main\AndroidManifest.xml:2:1-108:12
	xmlns:android
		ADDED from src\main\AndroidManifest.xml:2:11-69
	package
		ADDED from src\main\AndroidManifest.xml:3:5-42
		INJECTED from src\main\AndroidManifest.xml
		INJECTED from src\main\AndroidManifest.xml
	android:versionName
		ADDED from src\main\AndroidManifest.xml:5:5-30
		INJECTED from src\main\AndroidManifest.xml
		INJECTED from src\main\AndroidManifest.xml
	android:versionCode
		ADDED from src\main\AndroidManifest.xml:4:5-28
		INJECTED from src\main\AndroidManifest.xml
		INJECTED from src\main\AndroidManifest.xml
uses-permission#android.permission.INTERNET
ADDED from src\main\AndroidManifest.xml:7:5-67
	android:name
		ADDED from src\main\AndroidManifest.xml:7:22-64
uses-sdk
ADDED from src\main\AndroidManifest.xml:9:5-11:41
MERGED from [com.android.support:support-v4:23.4.0] AndroidManifest.xml:20:5-43
MERGED from [com.android.support:appcompat-v7:23.4.0] AndroidManifest.xml:21:5-23:78
MERGED from [com.android.support:animated-vector-drawable:23.4.0] AndroidManifest.xml:5:5-44
MERGED from [com.android.support:support-vector-drawable:23.4.0] AndroidManifest.xml:5:5-43
MERGED from [com.android.support:support-v4:23.4.0] AndroidManifest.xml:20:5-43
MERGED from [com.android.support:support-v4:23.4.0] AndroidManifest.xml:20:5-43
MERGED from [com.android.support:support-vector-drawable:23.4.0] AndroidManifest.xml:5:5-43
MERGED from [com.android.support:support-v4:23.4.0] AndroidManifest.xml:20:5-43
MERGED from [com.android.support:recyclerview-v7:23.4.0] AndroidManifest.xml:20:5-43
MERGED from [com.android.support:support-v4:23.4.0] AndroidManifest.xml:20:5-43
MERGED from [com.android.support:cardview-v7:23.4.0] AndroidManifest.xml:20:5-43
MERGED from [com.android.support:design:23.4.0] AndroidManifest.xml:20:5-43
MERGED from [com.android.support:recyclerview-v7:23.4.0] AndroidManifest.xml:20:5-43
MERGED from [com.android.support:support-v4:23.4.0] AndroidManifest.xml:20:5-43
MERGED from [com.android.support:appcompat-v7:23.4.0] AndroidManifest.xml:21:5-23:78
MERGED from [com.android.support:animated-vector-drawable:23.4.0] AndroidManifest.xml:5:5-44
MERGED from [com.android.support:support-vector-drawable:23.4.0] AndroidManifest.xml:5:5-43
MERGED from [com.android.support:support-v4:23.4.0] AndroidManifest.xml:20:5-43
MERGED from [com.android.support:support-v4:23.4.0] AndroidManifest.xml:20:5-43
MERGED from [com.android.support:support-vector-drawable:23.4.0] AndroidManifest.xml:5:5-43
MERGED from [com.android.support:support-v4:23.4.0] AndroidManifest.xml:20:5-43
MERGED from [com.android.support:support-v4:23.4.0] AndroidManifest.xml:20:5-43
MERGED from [com.android.support:percent:23.4.0] AndroidManifest.xml:20:5-43
MERGED from [com.android.support:support-v4:23.4.0] AndroidManifest.xml:20:5-43
MERGED from [com.android.support:palette-v7:23.4.0] AndroidManifest.xml:20:5-43
MERGED from [com.android.support:support-v4:23.4.0] AndroidManifest.xml:20:5-43
MERGED from [com.afollestad:commons:unspecified] AndroidManifest.xml:8:5-10:41
MERGED from [com.android.support:appcompat-v7:23.4.0] AndroidManifest.xml:21:5-23:78
MERGED from [com.android.support:animated-vector-drawable:23.4.0] AndroidManifest.xml:5:5-44
MERGED from [com.android.support:support-vector-drawable:23.4.0] AndroidManifest.xml:5:5-43
MERGED from [com.android.support:support-v4:23.4.0] AndroidManifest.xml:20:5-43
MERGED from [com.android.support:support-v4:23.4.0] AndroidManifest.xml:20:5-43
MERGED from [com.android.support:support-vector-drawable:23.4.0] AndroidManifest.xml:5:5-43
MERGED from [com.android.support:support-v4:23.4.0] AndroidManifest.xml:20:5-43
MERGED from [com.afollestad:core:unspecified] AndroidManifest.xml:8:5-11:75
MERGED from [com.android.support:support-v4:23.4.0] AndroidManifest.xml:20:5-43
MERGED from [com.android.support:appcompat-v7:23.4.0] AndroidManifest.xml:21:5-23:78
MERGED from [com.android.support:animated-vector-drawable:23.4.0] AndroidManifest.xml:5:5-44
MERGED from [com.android.support:support-vector-drawable:23.4.0] AndroidManifest.xml:5:5-43
MERGED from [com.android.support:support-v4:23.4.0] AndroidManifest.xml:20:5-43
MERGED from [com.android.support:support-v4:23.4.0] AndroidManifest.xml:20:5-43
MERGED from [com.android.support:support-vector-drawable:23.4.0] AndroidManifest.xml:5:5-43
MERGED from [com.android.support:support-v4:23.4.0] AndroidManifest.xml:20:5-43
MERGED from [com.android.support:recyclerview-v7:23.4.0] AndroidManifest.xml:20:5-43
MERGED from [com.android.support:support-v4:23.4.0] AndroidManifest.xml:20:5-43
MERGED from [me.zhanghai.android.materialprogressbar:library:1.1.4] AndroidManifest.xml:11:5-13:41
MERGED from [com.android.support:appcompat-v7:23.4.0] AndroidManifest.xml:21:5-23:78
MERGED from [com.android.support:animated-vector-drawable:23.4.0] AndroidManifest.xml:5:5-44
MERGED from [com.android.support:support-vector-drawable:23.4.0] AndroidManifest.xml:5:5-43
MERGED from [com.android.support:support-v4:23.4.0] AndroidManifest.xml:20:5-43
MERGED from [com.android.support:support-v4:23.4.0] AndroidManifest.xml:20:5-43
MERGED from [com.android.support:support-vector-drawable:23.4.0] AndroidManifest.xml:5:5-43
MERGED from [com.android.support:support-v4:23.4.0] AndroidManifest.xml:20:5-43
MERGED from [com.android.support:design:23.4.0] AndroidManifest.xml:20:5-43
MERGED from [com.android.support:recyclerview-v7:23.4.0] AndroidManifest.xml:20:5-43
MERGED from [com.android.support:support-v4:23.4.0] AndroidManifest.xml:20:5-43
MERGED from [com.android.support:appcompat-v7:23.4.0] AndroidManifest.xml:21:5-23:78
MERGED from [com.android.support:animated-vector-drawable:23.4.0] AndroidManifest.xml:5:5-44
MERGED from [com.android.support:support-vector-drawable:23.4.0] AndroidManifest.xml:5:5-43
MERGED from [com.android.support:support-v4:23.4.0] AndroidManifest.xml:20:5-43
MERGED from [com.android.support:support-v4:23.4.0] AndroidManifest.xml:20:5-43
MERGED from [com.android.support:support-vector-drawable:23.4.0] AndroidManifest.xml:5:5-43
MERGED from [com.android.support:support-v4:23.4.0] AndroidManifest.xml:20:5-43
MERGED from [com.android.support:support-v4:23.4.0] AndroidManifest.xml:20:5-43
MERGED from [com.afollestad:core:unspecified] AndroidManifest.xml:8:5-11:75
MERGED from [com.android.support:support-v4:23.4.0] AndroidManifest.xml:20:5-43
MERGED from [com.android.support:appcompat-v7:23.4.0] AndroidManifest.xml:21:5-23:78
MERGED from [com.android.support:animated-vector-drawable:23.4.0] AndroidManifest.xml:5:5-44
MERGED from [com.android.support:support-vector-drawable:23.4.0] AndroidManifest.xml:5:5-43
MERGED from [com.android.support:support-v4:23.4.0] AndroidManifest.xml:20:5-43
MERGED from [com.android.support:support-v4:23.4.0] AndroidManifest.xml:20:5-43
MERGED from [com.android.support:support-vector-drawable:23.4.0] AndroidManifest.xml:5:5-43
MERGED from [com.android.support:support-v4:23.4.0] AndroidManifest.xml:20:5-43
MERGED from [com.android.support:recyclerview-v7:23.4.0] AndroidManifest.xml:20:5-43
MERGED from [com.android.support:support-v4:23.4.0] AndroidManifest.xml:20:5-43
MERGED from [me.zhanghai.android.materialprogressbar:library:1.1.4] AndroidManifest.xml:11:5-13:41
MERGED from [com.android.support:appcompat-v7:23.4.0] AndroidManifest.xml:21:5-23:78
MERGED from [com.android.support:animated-vector-drawable:23.4.0] AndroidManifest.xml:5:5-44
MERGED from [com.android.support:support-vector-drawable:23.4.0] AndroidManifest.xml:5:5-43
MERGED from [com.android.support:support-v4:23.4.0] AndroidManifest.xml:20:5-43
MERGED from [com.android.support:support-v4:23.4.0] AndroidManifest.xml:20:5-43
MERGED from [com.android.support:support-vector-drawable:23.4.0] AndroidManifest.xml:5:5-43
MERGED from [com.android.support:support-v4:23.4.0] AndroidManifest.xml:20:5-43
MERGED from [com.android.support:design:23.4.0] AndroidManifest.xml:20:5-43
MERGED from [com.android.support:recyclerview-v7:23.4.0] AndroidManifest.xml:20:5-43
MERGED from [com.android.support:support-v4:23.4.0] AndroidManifest.xml:20:5-43
MERGED from [com.android.support:appcompat-v7:23.4.0] AndroidManifest.xml:21:5-23:78
MERGED from [com.android.support:animated-vector-drawable:23.4.0] AndroidManifest.xml:5:5-44
MERGED from [com.android.support:support-vector-drawable:23.4.0] AndroidManifest.xml:5:5-43
MERGED from [com.android.support:support-v4:23.4.0] AndroidManifest.xml:20:5-43
MERGED from [com.android.support:support-v4:23.4.0] AndroidManifest.xml:20:5-43
MERGED from [com.android.support:support-vector-drawable:23.4.0] AndroidManifest.xml:5:5-43
MERGED from [com.android.support:support-v4:23.4.0] AndroidManifest.xml:20:5-43
MERGED from [com.android.support:support-v4:23.4.0] AndroidManifest.xml:20:5-43
	android:targetSdkVersion
		ADDED from src\main\AndroidManifest.xml:11:9-38
		INJECTED from src\main\AndroidManifest.xml
		INJECTED from src\main\AndroidManifest.xml
	android:minSdkVersion
		ADDED from src\main\AndroidManifest.xml:10:9-35
		INJECTED from src\main\AndroidManifest.xml
		INJECTED from src\main\AndroidManifest.xml
	tools:overrideLibrary
		ADDED from [com.android.support:appcompat-v7:23.4.0] AndroidManifest.xml:23:9-75
supports-screens
ADDED from src\main\AndroidManifest.xml:13:5-19:40
	android:resizeable
		ADDED from src\main\AndroidManifest.xml:17:9-34
	android:largeScreens
		ADDED from src\main\AndroidManifest.xml:15:9-36
	android:anyDensity
		ADDED from src\main\AndroidManifest.xml:14:9-34
	android:normalScreens
		ADDED from src\main\AndroidManifest.xml:16:9-37
	android:xlargeScreens
		ADDED from src\main\AndroidManifest.xml:19:9-37
	android:smallScreens
		ADDED from src\main\AndroidManifest.xml:18:9-36
uses-permission#android.permission.ACCESS_NETWORK_STATE
ADDED from src\main\AndroidManifest.xml:21:5-79
	android:name
		ADDED from src\main\AndroidManifest.xml:21:22-76
uses-permission#android.permission.WRITE_EXTERNAL_STORAGE
ADDED from src\main\AndroidManifest.xml:22:5-81
	android:name
		ADDED from src\main\AndroidManifest.xml:22:22-78
uses-permission#android.permission.SET_WALLPAPER
ADDED from src\main\AndroidManifest.xml:23:5-72
	android:name
		ADDED from src\main\AndroidManifest.xml:23:22-69
uses-permission#android.permission.SET_WALLPAPER_HINTS
ADDED from src\main\AndroidManifest.xml:24:5-78
	android:name
		ADDED from src\main\AndroidManifest.xml:24:22-75
uses-permission#android.permission.BLUETOOTH
ADDED from src\main\AndroidManifest.xml:25:5-68
	android:name
		ADDED from src\main\AndroidManifest.xml:25:22-65
uses-permission#android.permission.BLUETOOTH_ADMIN
ADDED from src\main\AndroidManifest.xml:26:5-74
	android:name
		ADDED from src\main\AndroidManifest.xml:26:22-71
uses-permission#android.permission.READ_PHONE_STATE
ADDED from src\main\AndroidManifest.xml:27:5-75
	android:name
		ADDED from src\main\AndroidManifest.xml:27:22-72
uses-permission#android.permission.RECEIVE_BOOT_COMPLETED
ADDED from src\main\AndroidManifest.xml:28:5-81
	android:name
		ADDED from src\main\AndroidManifest.xml:28:22-78
application
ADDED from src\main\AndroidManifest.xml:30:5-106:19
MERGED from [com.android.support:support-v4:23.4.0] AndroidManifest.xml:22:5-20
MERGED from [com.android.support:appcompat-v7:23.4.0] AndroidManifest.xml:25:5-20
MERGED from [com.android.support:animated-vector-drawable:23.4.0] AndroidManifest.xml:7:5-20
MERGED from [com.android.support:support-vector-drawable:23.4.0] AndroidManifest.xml:7:5-20
MERGED from [com.android.support:support-v4:23.4.0] AndroidManifest.xml:22:5-20
MERGED from [com.android.support:support-v4:23.4.0] AndroidManifest.xml:22:5-20
MERGED from [com.android.support:support-vector-drawable:23.4.0] AndroidManifest.xml:7:5-20
MERGED from [com.android.support:support-v4:23.4.0] AndroidManifest.xml:22:5-20
MERGED from [com.android.support:support-v4:23.4.0] AndroidManifest.xml:22:5-20
MERGED from [com.android.support:cardview-v7:23.4.0] AndroidManifest.xml:22:5-20
MERGED from [com.android.support:design:23.4.0] AndroidManifest.xml:22:5-20
MERGED from [com.android.support:support-v4:23.4.0] AndroidManifest.xml:22:5-20
MERGED from [com.android.support:appcompat-v7:23.4.0] AndroidManifest.xml:25:5-20
MERGED from [com.android.support:animated-vector-drawable:23.4.0] AndroidManifest.xml:7:5-20
MERGED from [com.android.support:support-vector-drawable:23.4.0] AndroidManifest.xml:7:5-20
MERGED from [com.android.support:support-v4:23.4.0] AndroidManifest.xml:22:5-20
MERGED from [com.android.support:support-v4:23.4.0] AndroidManifest.xml:22:5-20
MERGED from [com.android.support:support-vector-drawable:23.4.0] AndroidManifest.xml:7:5-20
MERGED from [com.android.support:support-v4:23.4.0] AndroidManifest.xml:22:5-20
MERGED from [com.android.support:support-v4:23.4.0] AndroidManifest.xml:22:5-20
MERGED from [com.android.support:percent:23.4.0] AndroidManifest.xml:22:5-20
MERGED from [com.android.support:support-v4:23.4.0] AndroidManifest.xml:22:5-20
MERGED from [com.android.support:palette-v7:23.4.0] AndroidManifest.xml:22:5-23:19
MERGED from [com.android.support:support-v4:23.4.0] AndroidManifest.xml:22:5-20
MERGED from [com.afollestad:commons:unspecified] AndroidManifest.xml:12:5-20
MERGED from [com.android.support:appcompat-v7:23.4.0] AndroidManifest.xml:25:5-20
MERGED from [com.android.support:animated-vector-drawable:23.4.0] AndroidManifest.xml:7:5-20
MERGED from [com.android.support:support-vector-drawable:23.4.0] AndroidManifest.xml:7:5-20
MERGED from [com.android.support:support-v4:23.4.0] AndroidManifest.xml:22:5-20
MERGED from [com.android.support:support-v4:23.4.0] AndroidManifest.xml:22:5-20
MERGED from [com.android.support:support-vector-drawable:23.4.0] AndroidManifest.xml:7:5-20
MERGED from [com.android.support:support-v4:23.4.0] AndroidManifest.xml:22:5-20
MERGED from [com.afollestad:core:unspecified] AndroidManifest.xml:13:5-20
MERGED from [com.android.support:support-v4:23.4.0] AndroidManifest.xml:22:5-20
MERGED from [com.android.support:appcompat-v7:23.4.0] AndroidManifest.xml:25:5-20
MERGED from [com.android.support:animated-vector-drawable:23.4.0] AndroidManifest.xml:7:5-20
MERGED from [com.android.support:support-vector-drawable:23.4.0] AndroidManifest.xml:7:5-20
MERGED from [com.android.support:support-v4:23.4.0] AndroidManifest.xml:22:5-20
MERGED from [com.android.support:support-v4:23.4.0] AndroidManifest.xml:22:5-20
MERGED from [com.android.support:support-vector-drawable:23.4.0] AndroidManifest.xml:7:5-20
MERGED from [com.android.support:support-v4:23.4.0] AndroidManifest.xml:22:5-20
MERGED from [com.android.support:support-v4:23.4.0] AndroidManifest.xml:22:5-20
MERGED from [com.android.support:appcompat-v7:23.4.0] AndroidManifest.xml:25:5-20
MERGED from [com.android.support:animated-vector-drawable:23.4.0] AndroidManifest.xml:7:5-20
MERGED from [com.android.support:support-vector-drawable:23.4.0] AndroidManifest.xml:7:5-20
MERGED from [com.android.support:support-v4:23.4.0] AndroidManifest.xml:22:5-20
MERGED from [com.android.support:support-v4:23.4.0] AndroidManifest.xml:22:5-20
MERGED from [com.android.support:support-vector-drawable:23.4.0] AndroidManifest.xml:7:5-20
MERGED from [com.android.support:support-v4:23.4.0] AndroidManifest.xml:22:5-20
MERGED from [com.android.support:design:23.4.0] AndroidManifest.xml:22:5-20
MERGED from [com.android.support:support-v4:23.4.0] AndroidManifest.xml:22:5-20
MERGED from [com.android.support:appcompat-v7:23.4.0] AndroidManifest.xml:25:5-20
MERGED from [com.android.support:animated-vector-drawable:23.4.0] AndroidManifest.xml:7:5-20
MERGED from [com.android.support:support-vector-drawable:23.4.0] AndroidManifest.xml:7:5-20
MERGED from [com.android.support:support-v4:23.4.0] AndroidManifest.xml:22:5-20
MERGED from [com.android.support:support-v4:23.4.0] AndroidManifest.xml:22:5-20
MERGED from [com.android.support:support-vector-drawable:23.4.0] AndroidManifest.xml:7:5-20
MERGED from [com.android.support:support-v4:23.4.0] AndroidManifest.xml:22:5-20
MERGED from [com.android.support:support-v4:23.4.0] AndroidManifest.xml:22:5-20
MERGED from [com.afollestad:core:unspecified] AndroidManifest.xml:13:5-20
MERGED from [com.android.support:support-v4:23.4.0] AndroidManifest.xml:22:5-20
MERGED from [com.android.support:appcompat-v7:23.4.0] AndroidManifest.xml:25:5-20
MERGED from [com.android.support:animated-vector-drawable:23.4.0] AndroidManifest.xml:7:5-20
MERGED from [com.android.support:support-vector-drawable:23.4.0] AndroidManifest.xml:7:5-20
MERGED from [com.android.support:support-v4:23.4.0] AndroidManifest.xml:22:5-20
MERGED from [com.android.support:support-v4:23.4.0] AndroidManifest.xml:22:5-20
MERGED from [com.android.support:support-vector-drawable:23.4.0] AndroidManifest.xml:7:5-20
MERGED from [com.android.support:support-v4:23.4.0] AndroidManifest.xml:22:5-20
MERGED from [com.android.support:support-v4:23.4.0] AndroidManifest.xml:22:5-20
MERGED from [com.android.support:appcompat-v7:23.4.0] AndroidManifest.xml:25:5-20
MERGED from [com.android.support:animated-vector-drawable:23.4.0] AndroidManifest.xml:7:5-20
MERGED from [com.android.support:support-vector-drawable:23.4.0] AndroidManifest.xml:7:5-20
MERGED from [com.android.support:support-v4:23.4.0] AndroidManifest.xml:22:5-20
MERGED from [com.android.support:support-v4:23.4.0] AndroidManifest.xml:22:5-20
MERGED from [com.android.support:support-vector-drawable:23.4.0] AndroidManifest.xml:7:5-20
MERGED from [com.android.support:support-v4:23.4.0] AndroidManifest.xml:22:5-20
MERGED from [com.android.support:design:23.4.0] AndroidManifest.xml:22:5-20
MERGED from [com.android.support:support-v4:23.4.0] AndroidManifest.xml:22:5-20
MERGED from [com.android.support:appcompat-v7:23.4.0] AndroidManifest.xml:25:5-20
MERGED from [com.android.support:animated-vector-drawable:23.4.0] AndroidManifest.xml:7:5-20
MERGED from [com.android.support:support-vector-drawable:23.4.0] AndroidManifest.xml:7:5-20
MERGED from [com.android.support:support-v4:23.4.0] AndroidManifest.xml:22:5-20
MERGED from [com.android.support:support-v4:23.4.0] AndroidManifest.xml:22:5-20
MERGED from [com.android.support:support-vector-drawable:23.4.0] AndroidManifest.xml:7:5-20
MERGED from [com.android.support:support-v4:23.4.0] AndroidManifest.xml:22:5-20
MERGED from [com.android.support:support-v4:23.4.0] AndroidManifest.xml:22:5-20
	android:label
		ADDED from src\main\AndroidManifest.xml:33:9-41
	android:allowBackup
		ADDED from src\main\AndroidManifest.xml:31:9-35
	android:icon
		ADDED from src\main\AndroidManifest.xml:32:9-45
	android:theme
		ADDED from src\main\AndroidManifest.xml:36:9-52
	android:largeHeap
		ADDED from src\main\AndroidManifest.xml:34:9-33
	android:logo
		ADDED from src\main\AndroidManifest.xml:35:9-41
service#tk.example.quotesandsayings.services.WallpaperService
ADDED from src\main\AndroidManifest.xml:37:9-39:40
	android:exported
		ADDED from src\main\AndroidManifest.xml:39:13-37
	android:name
		ADDED from src\main\AndroidManifest.xml:38:13-81
service#tk.example.quotesandsayings.services.WidgetService
ADDED from src\main\AndroidManifest.xml:40:9-42:40
	android:exported
		ADDED from src\main\AndroidManifest.xml:42:13-37
	android:name
		ADDED from src\main\AndroidManifest.xml:41:13-78
service#tk.example.quotesandsayings.services.NotificationService
ADDED from src\main\AndroidManifest.xml:43:9-45:40
	android:exported
		ADDED from src\main\AndroidManifest.xml:45:13-37
	android:name
		ADDED from src\main\AndroidManifest.xml:44:13-84
receiver#tk.example.quotesandsayings.controller.AlarmReceiver
ADDED from src\main\AndroidManifest.xml:47:9-54:20
	android:enabled
		ADDED from src\main\AndroidManifest.xml:49:13-36
	android:name
		ADDED from src\main\AndroidManifest.xml:48:13-80
intent-filter#android.intent.action.BOOT_COMPLETED
ADDED from src\main\AndroidManifest.xml:50:13-53:29
action#android.intent.action.BOOT_COMPLETED
ADDED from src\main\AndroidManifest.xml:51:17-52:26
	android:name
		ADDED from src\main\AndroidManifest.xml:51:25-76
activity#tk.example.quotesandsayings.view.activities.MainMenuActivity
ADDED from src\main\AndroidManifest.xml:56:9-63:20
	android:windowSoftInputMode
		ADDED from src\main\AndroidManifest.xml:59:13-52
	android:label
		ADDED from src\main\AndroidManifest.xml:58:13-45
	android:name
		ADDED from src\main\AndroidManifest.xml:57:13-88
meta-data#android.app.searchable
ADDED from src\main\AndroidManifest.xml:60:13-62:54
	android:resource
		ADDED from src\main\AndroidManifest.xml:62:17-51
	android:name
		ADDED from src\main\AndroidManifest.xml:61:17-54
activity#tk.example.quotesandsayings.view.activities.InitializationActivity
ADDED from src\main\AndroidManifest.xml:64:9-75:20
	android:screenOrientation
		ADDED from src\main\AndroidManifest.xml:68:13-49
	android:label
		ADDED from src\main\AndroidManifest.xml:67:13-50
	android:configChanges
		ADDED from src\main\AndroidManifest.xml:66:13-74
	android:theme
		ADDED from src\main\AndroidManifest.xml:69:13-56
	android:name
		ADDED from src\main\AndroidManifest.xml:65:13-94
intent-filter#android.intent.action.MAIN+android.intent.category.LAUNCHER
ADDED from src\main\AndroidManifest.xml:70:13-74:29
action#android.intent.action.MAIN
ADDED from src\main\AndroidManifest.xml:71:17-69
	android:name
		ADDED from src\main\AndroidManifest.xml:71:25-66
category#android.intent.category.LAUNCHER
ADDED from src\main\AndroidManifest.xml:73:17-77
	android:name
		ADDED from src\main\AndroidManifest.xml:73:27-74
activity#tk.example.quotesandsayings.view.activities.ImageActivity
ADDED from src\main\AndroidManifest.xml:76:9-87:20
	android:label
		ADDED from src\main\AndroidManifest.xml:80:13-53
	android:configChanges
		ADDED from src\main\AndroidManifest.xml:78:13-59
	android:theme
		ADDED from src\main\AndroidManifest.xml:83:13-56
	android:exported
		ADDED from src\main\AndroidManifest.xml:79:13-36
	android:parentActivityName
		ADDED from src\main\AndroidManifest.xml:82:13-102
	android:name
		ADDED from src\main\AndroidManifest.xml:77:13-85
	android:launchMode
		ADDED from src\main\AndroidManifest.xml:81:13-43
meta-data#android.support.PARENT_ACTIVITY
ADDED from src\main\AndroidManifest.xml:84:13-86:96
	android:name
		ADDED from src\main\AndroidManifest.xml:85:17-63
	android:value
		ADDED from src\main\AndroidManifest.xml:86:17-93
receiver#tk.example.quotesandsayings.controller.MyAppWidgetProvider
ADDED from src\main\AndroidManifest.xml:89:9-97:20
	android:name
		ADDED from src\main\AndroidManifest.xml:89:19-92
intent-filter#android.appwidget.action.APPWIDGET_UPDATE
ADDED from src\main\AndroidManifest.xml:90:13-92:29
action#android.appwidget.action.APPWIDGET_UPDATE
ADDED from src\main\AndroidManifest.xml:91:17-84
	android:name
		ADDED from src\main\AndroidManifest.xml:91:25-81
meta-data#android.appwidget.provider
ADDED from src\main\AndroidManifest.xml:94:13-96:58
	android:resource
		ADDED from src\main\AndroidManifest.xml:96:17-55
	android:name
		ADDED from src\main\AndroidManifest.xml:95:17-58
activity#tk.example.quotesandsayings.view.activities.WidgetConfigActivity
ADDED from src\main\AndroidManifest.xml:99:9-105:20
	android:label
		ADDED from src\main\AndroidManifest.xml:101:13-65
	android:name
		ADDED from src\main\AndroidManifest.xml:100:13-92
intent-filter#android.appwidget.action.APPWIDGET_CONFIGURE
ADDED from src\main\AndroidManifest.xml:102:13-104:29
action#android.appwidget.action.APPWIDGET_CONFIGURE
ADDED from src\main\AndroidManifest.xml:103:17-87
	android:name
		ADDED from src\main\AndroidManifest.xml:103:25-84